2025-02-26 11:15:43,066 INFO: Starting EVA...
2025-02-26 11:15:43,067 DEBUG: Root directory: C:\Users\matea\PycharmProjects\EVA
2025-02-26 11:15:43,182 DEBUG: Loading configuration from config.ini
2025-02-26 11:15:43,183 DEBUG: working directory: C:\Users\matea\PycharmProjects\EVA
2025-02-26 11:15:44,942 DEBUG: Loaded all databases in 1.7585856s.
2025-02-26 11:15:44,943 INFO: Using mudirac muon database.
2025-02-26 11:15:44,943 DEBUG: Initialising main window.
2025-02-26 11:15:44,973 INFO: Launching main window.
2025-02-26 11:15:48,396 INFO: Found spectra for run number 2630.
2025-02-26 11:15:48,396 INFO: Found metadata from comment file for run 2630
2025-02-26 11:15:48,396 INFO: Launching plot window.
2025-02-26 11:15:54,160 DEBUG: Running peak finding method 'SciPy find_peaks()' with height = 10, threshold = 15, distance = 1.
2025-02-26 11:15:54,200 DEBUG: Found matches in 0.0386959 s.
2025-02-26 11:15:54,206 DEBUG: Found matches in 0.0 s.
2025-02-26 11:15:54,207 DEBUG: Found matches in 0.0010018 s.
2025-02-26 11:15:54,207 DEBUG: Found matches in 0.0 s.
2025-02-26 11:15:54,208 DEBUG: Found matches in 0.0009994 s.
2025-02-26 11:15:54,208 DEBUG: Found matches in 0.0 s.
2025-02-26 11:15:54,209 DEBUG: Found matches in 0.0009998 s.
2025-02-26 11:15:54,209 DEBUG: Found matches in 0.0 s.
2025-02-26 11:15:54,210 DEBUG: Found matches in 0.0010001 s.
2025-02-26 11:15:54,210 DEBUG: Found matches in 0.0 s.
2025-02-26 11:15:54,211 DEBUG: Found matches in 0.0010003 s.
2025-02-26 11:15:54,212 DEBUG: Found matches in 0.0009997 s.
2025-02-26 11:15:54,212 DEBUG: Found matches in 0.0 s.
2025-02-26 11:15:54,213 DEBUG: Found matches in 0.0009997 s.
2025-02-26 11:15:54,213 DEBUG: Found matches in 0.0 s.
2025-02-26 11:15:54,214 DEBUG: Found matches in 0.001 s.
2025-02-26 11:15:54,214 DEBUG: Found matches in 0.0 s.
2025-02-26 11:15:54,215 DEBUG: Found matches in 0.001 s.
2025-02-26 11:15:54,215 DEBUG: Found matches in 0.0 s.
2025-02-26 11:15:54,216 DEBUG: Found matches in 0.0010002 s.
2025-02-26 11:15:54,216 DEBUG: Found matches in 0.0 s.
2025-02-26 11:15:54,217 DEBUG: Found matches in 0.001 s.
2025-02-26 11:15:54,218 DEBUG: Found matches in 0.0 s.
2025-02-26 11:15:54,219 DEBUG: Found matches in 0.00109 s.
2025-02-26 11:15:54,220 DEBUG: Found matches in 0.001 s.
2025-02-26 11:15:54,220 DEBUG: Found matches in 0.0 s.
2025-02-26 11:15:54,221 DEBUG: Found matches in 0.0009991 s.
2025-02-26 11:15:54,221 DEBUG: Found matches in 0.0 s.
2025-02-26 11:15:54,222 DEBUG: Found matches in 0.0010003 s.
2025-02-26 11:15:54,223 DEBUG: Found matches in 0.0009105 s.
2025-02-26 11:15:54,223 DEBUG: Found matches in 0.0 s.
2025-02-26 11:15:54,224 DEBUG: Found matches in 0.0 s.
2025-02-26 11:15:54,225 DEBUG: Found matches in 0.0009978 s.
2025-02-26 11:15:54,225 DEBUG: Found matches in 0.0 s.
2025-02-26 11:15:54,226 DEBUG: Found matches in 0.0010021 s.
2025-02-26 11:15:54,227 DEBUG: Found matches in 0.0010225 s.
2025-02-26 11:15:54,227 DEBUG: Found matches in 0.0 s.
2025-02-26 11:15:54,228 DEBUG: Found matches in 0.0009791 s.
2025-02-26 11:15:54,228 DEBUG: Found matches in 0.0 s.
2025-02-26 11:15:54,229 DEBUG: Found matches in 0.0 s.
2025-02-26 11:15:54,230 DEBUG: Found matches in 0.0009998 s.
2025-02-26 11:15:54,230 DEBUG: Found matches in 0.0 s.
2025-02-26 11:15:54,231 DEBUG: Found matches in 0.0010109 s.
2025-02-26 11:15:54,231 DEBUG: Found matches in 0.0 s.
2025-02-26 11:15:54,232 DEBUG: Found matches in 0.0 s.
2025-02-26 11:15:54,233 DEBUG: Found matches in 0.0010262 s.
2025-02-26 11:15:54,234 DEBUG: Found matches in 0.0009018 s.
2025-02-26 11:15:54,235 DEBUG: Found matches in 0.0009855 s.
2025-02-26 11:15:54,235 DEBUG: Found matches in 0.0 s.
2025-02-26 11:15:54,236 DEBUG: Found matches in 0.0009981 s.
2025-02-26 11:15:54,236 DEBUG: Found matches in 0.0 s.
2025-02-26 11:15:54,237 DEBUG: Found matches in 0.0010027 s.
2025-02-26 11:15:54,237 DEBUG: Found matches in 0.0 s.
2025-02-26 11:15:54,238 DEBUG: Found matches in 0.0010874 s.
2025-02-26 11:15:54,238 DEBUG: Found matches in 0.0 s.
2025-02-26 11:15:54,239 DEBUG: Found matches in 0.0009977 s.
2025-02-26 11:15:54,239 DEBUG: Found matches in 0.0 s.
2025-02-26 11:15:54,240 DEBUG: Found matches in 0.0 s.
2025-02-26 11:15:54,241 DEBUG: Found matches in 0.0010033 s.
2025-02-26 11:15:54,241 DEBUG: Found matches in 0.0 s.
2025-02-26 11:15:54,242 DEBUG: Found matches in 0.0010123 s.
2025-02-26 11:15:54,242 DEBUG: Found matches in 0.0 s.
2025-02-26 11:15:54,243 DEBUG: Found matches in 0.0009841 s.
2025-02-26 11:15:54,243 DEBUG: Found matches in 0.0 s.
2025-02-26 11:15:54,244 DEBUG: Found matches in 0.0010048 s.
2025-02-26 11:15:54,244 DEBUG: Found matches in 0.0 s.
2025-02-26 11:15:54,245 DEBUG: Found matches in 0.000998 s.
2025-02-26 11:15:54,245 DEBUG: Found matches in 0.0 s.
2025-02-26 11:15:54,246 DEBUG: Found matches in 0.0009965 s.
2025-02-26 11:15:54,246 DEBUG: Found matches in 0.0 s.
2025-02-26 11:15:54,279 DEBUG: Found matches in 0.0270028 s.
2025-02-26 11:15:54,288 DEBUG: Found matches in 0.0011037 s.
2025-02-26 11:15:54,288 DEBUG: Found matches in 0.0 s.
2025-02-26 11:15:54,289 DEBUG: Found matches in 0.0011086 s.
2025-02-26 11:15:54,290 DEBUG: Found matches in 0.0011031 s.
2025-02-26 11:15:54,290 DEBUG: Found matches in 0.0 s.
2025-02-26 11:15:54,291 DEBUG: Found matches in 0.0011381 s.
2025-02-26 11:15:54,291 DEBUG: Found matches in 0.0 s.
2025-02-26 11:15:54,292 DEBUG: Found matches in 0.0011019 s.
2025-02-26 11:15:54,292 DEBUG: Found matches in 0.0 s.
2025-02-26 11:15:54,294 DEBUG: Found matches in 0.0 s.
2025-02-26 11:15:54,295 DEBUG: Found matches in 0.0011048 s.
2025-02-26 11:15:54,295 DEBUG: Found matches in 0.0 s.
2025-02-26 11:15:54,296 DEBUG: Found matches in 0.0011163 s.
2025-02-26 11:15:54,296 DEBUG: Found matches in 0.0 s.
2025-02-26 11:15:54,297 DEBUG: Found matches in 0.0014249 s.
2025-02-26 11:15:54,297 DEBUG: Found matches in 0.0 s.
2025-02-26 11:15:54,298 DEBUG: Found matches in 0.0011136 s.
2025-02-26 11:15:54,298 DEBUG: Found matches in 0.0 s.
2025-02-26 11:15:54,299 DEBUG: Found matches in 0.0011283 s.
2025-02-26 11:15:54,299 DEBUG: Found matches in 0.0 s.
2025-02-26 11:15:54,300 DEBUG: Found matches in 0.0010178 s.
2025-02-26 11:15:54,300 DEBUG: Found matches in 0.0 s.
2025-02-26 11:15:54,302 DEBUG: Found matches in 0.0012177 s.
2025-02-26 11:15:54,302 DEBUG: Found matches in 0.0 s.
2025-02-26 11:15:54,303 DEBUG: Found matches in 0.001114 s.
2025-02-26 11:15:54,303 DEBUG: Found matches in 0.0 s.
2025-02-26 11:15:54,304 DEBUG: Found matches in 0.0011157 s.
2025-02-26 11:15:54,304 DEBUG: Found matches in 0.0 s.
2025-02-26 11:15:54,305 DEBUG: Found matches in 0.0011066 s.
2025-02-26 11:15:54,305 DEBUG: Found matches in 0.0 s.
2025-02-26 11:15:54,306 DEBUG: Found matches in 0.0011093 s.
2025-02-26 11:15:54,306 DEBUG: Found matches in 0.0 s.
2025-02-26 11:15:54,307 DEBUG: Found matches in 0.0011085 s.
2025-02-26 11:15:54,307 DEBUG: Found matches in 0.0 s.
2025-02-26 11:15:54,308 DEBUG: Found matches in 0.0011075 s.
2025-02-26 11:15:54,308 DEBUG: Found matches in 0.0 s.
2025-02-26 11:15:54,309 DEBUG: Found matches in 0.0 s.
2025-02-26 11:15:54,310 DEBUG: Found matches in 0.0010467 s.
2025-02-26 11:15:54,310 DEBUG: Found matches in 0.0 s.
2025-02-26 11:15:54,312 DEBUG: Found matches in 0.0011359 s.
2025-02-26 11:15:54,312 DEBUG: Found matches in 0.0 s.
2025-02-26 11:15:54,313 DEBUG: Found matches in 0.0014543 s.
2025-02-26 11:15:54,313 DEBUG: Found matches in 0.0 s.
2025-02-26 11:15:54,314 DEBUG: Found matches in 0.0011119 s.
2025-02-26 11:15:54,314 DEBUG: Found matches in 0.0 s.
2025-02-26 11:15:54,315 DEBUG: Found matches in 0.0011118 s.
2025-02-26 11:15:54,315 DEBUG: Found matches in 0.0 s.
2025-02-26 11:15:54,316 DEBUG: Found matches in 0.0011154 s.
2025-02-26 11:15:54,316 DEBUG: Found matches in 0.0 s.
2025-02-26 11:15:54,317 DEBUG: Found matches in 0.00102 s.
2025-02-26 11:15:54,317 DEBUG: Found matches in 0.0 s.
2025-02-26 11:15:54,319 DEBUG: Found matches in 0.0 s.
2025-02-26 11:15:54,319 DEBUG: Found matches in 0.0 s.
2025-02-26 11:15:54,320 DEBUG: Found matches in 0.0 s.
2025-02-26 11:15:54,321 DEBUG: Found matches in 0.0011143 s.
2025-02-26 11:15:54,321 DEBUG: Found matches in 0.0 s.
2025-02-26 11:15:54,322 DEBUG: Found matches in 0.0011099 s.
2025-02-26 11:15:54,322 DEBUG: Found matches in 0.0 s.
2025-02-26 11:15:54,323 DEBUG: Found matches in 0.0011083 s.
2025-02-26 11:15:54,323 DEBUG: Found matches in 0.0 s.
2025-02-26 11:15:54,324 DEBUG: Found matches in 0.0011086 s.
2025-02-26 11:16:02,379 DEBUG: Figure clicked at (17.61, 1035.55).
2025-02-26 11:16:02,382 DEBUG: Found matches in 0.0010318 s.
2025-02-26 11:16:04,901 DEBUG: Figure clicked at (282.52, 339.89).
2025-02-26 11:16:04,903 DEBUG: Found matches in 0.0009996 s.
